Result Log 
Config file path: ./configurations/config4.cfg 
Using Timer Initialized Seed: True 
Random seed value: 1480887500 
Height: 10 
Width: 15 
Pill Density: 0.500000 
Wall Density: 0.250000 
Fruit Probability: 0.050000 
Fruit Value: 10 
Pac Mu: 120 
Pac Lambda: 10 
Pac Initialization scheme: Ramped Half-Half 
Pac Parent selection scheme: 0 
Pac Survivor selection scheme: 1 
Pac Survivor k-tournament: 4 
Ghost Mu: 120 
Ghost Lambda: 10 
Ghost Initialization scheme: Ramped Half-Half 
Ghost Parent selection scheme: 0 
Ghost Survivor selection scheme: 1 
Ghost Survivor k-tournament: 4 
Terminate on no average Fitness change: True 
Terminate on no best Fitness change: True 
Number of generations to terminate on no best/avg change: 50 
Number of runs: 30 
Number of evals: 2000 

Run 1
120	14.609167	96.950000 
250  17.485833	93.250000 
380  20.089167	76.550000 
510  21.490000	85.350000 
640  23.582083	75.550000 
770  26.384167	107.750000 
900  26.531667	83.650000 
1030  28.728333	83.950000 
1160  32.296250	79.250000 
1290  31.932083	100.650000 
1420  32.225833	81.350000 
1550  31.620000	94.550000 
1680  33.310417	83.650000 
1810  31.185417	86.650000 
1940  35.492500	89.750000 
2070  35.778750	86.250000 
Run 2
120	13.533750	67.750000 
250  16.851667	86.950000 
380  21.165833	74.550000 
510  22.425000	78.950000 
640  22.292083	71.250000 
770  25.119167	85.350000 
900  26.462500	85.850000 
1030  24.807500	85.350000 
1160  28.218750	85.150000 
1290  27.983333	85.650000 
1420  27.517500	86.450000 
1550  30.726250	93.950000 
1680  31.550000	93.650000 
1810  32.553333	92.650000 
1940  31.055000	82.650000 
2070  33.802083	96.450000 
Run 3
120	14.016667	97.750000 
250  15.558333	75.250000 
380  20.900000	100.750000 
510  20.123333	76.950000 
640  21.644583	70.350000 
770  25.642083	82.350000 
900  22.790417	74.750000 
1030  25.525000	83.650000 
1160  26.570000	81.250000 
1290  27.116667	77.750000 
1420  29.605833	90.650000 
1550  32.744167	84.650000 
1680  28.167083	110.950000 
1810  31.171250	90.750000 
1940  33.260000	86.650000 
2070  36.084583	90.650000 
Run 4
120	17.360000	98.750000 
250  18.187500	89.250000 
380  21.741667	85.950000 
510  22.631250	84.750000 
640  25.138333	78.650000 
770  29.282500	86.650000 
900  28.510833	74.700000 
1030  30.492500	77.150000 
1160  33.947083	85.900000 
1290  32.397917	83.950000 
1420  35.145833	94.250000 
1550  36.567083	100.650000 
1680  36.941667	94.650000 
1810  39.862083	78.950000 
1940  37.081667	86.850000 
2070  39.664583	86.350000 
Run 5
120	10.933125	76.750000 
250  14.632500	72.050000 
380  18.101250	85.750000 
510  19.469167	101.350000 
640  22.344167	83.250000 
770  23.384583	95.350000 
900  25.654167	82.750000 
1030  25.072500	91.350000 
1160  29.288750	88.650000 
1290  28.250000	82.650000 
1420  29.045417	94.950000 
1550  30.136250	88.750000 
1680  30.285417	102.650000 
1810  34.061250	79.450000 
1940  35.143333	93.650000 
2070  36.926667	85.150000 
Run 6
120	10.368333	70.950000 
250  13.935000	81.950000 
380  15.547917	72.950000 
510  17.031250	77.350000 
640  19.710833	91.950000 
770  21.324583	77.750000 
900  22.724167	86.250000 
1030  25.243750	99.750000 
1160  23.507500	84.150000 
1290  26.406667	88.250000 
1420  25.517917	81.950000 
1550  29.119167	90.950000 
1680  29.176667	82.950000 
1810  31.475833	86.250000 
1940  32.386667	92.750000 
2070  32.382500	79.950000 
Run 7
120	12.197500	84.950000 
250  15.466667	71.950000 
380  15.621250	77.250000 
510  18.574167	84.250000 
640  19.851250	87.050000 
770  21.489583	86.950000 
900  22.360833	84.650000 
1030  24.857083	92.750000 
1160  25.018333	75.250000 
1290  28.234167	87.750000 
1420  29.785417	95.050000 
1550  29.278750	82.150000 
1680  31.343750	83.650000 
1810  33.794583	107.250000 
1940  31.822500	79.250000 
2070  34.257917	87.050000 
Run 8
120	14.504167	75.750000 
250  17.344167	87.350000 
380  17.692917	69.250000 
510  20.772083	82.350000 
640  23.616667	84.900000 
770  23.387917	84.500000 
900  23.974583	86.950000 
1030  24.392500	79.550000 
1160  25.158750	78.950000 
1290  24.932500	75.250000 
1420  27.215833	83.950000 
1550  29.766667	105.950000 
1680  27.506667	70.250000 
1810  30.493333	74.250000 
1940  33.112917	91.450000 
2070  34.572500	78.550000 
Run 9
120	15.162500	82.950000 
250  17.492500	86.350000 
380  18.439167	75.050000 
510  23.189167	97.750000 
640  24.969167	82.950000 
770  24.923333	89.750000 
900  24.724167	89.350000 
1030  26.699583	80.350000 
1160  27.620000	80.650000 
1290  27.597500	91.550000 
1420  31.956667	85.250000 
1550  29.083333	76.350000 
1680  30.799167	76.750000 
1810  34.201667	97.750000 
1940  33.357083	98.650000 
2070  36.609167	83.450000 
Run 10
120	13.939167	67.450000 
250  14.612500	90.950000 
380  13.869167	78.950000 
510  17.287500	70.750000 
640  17.754583	80.350000 
770  22.721667	95.950000 
900  20.701250	79.050000 
1030  24.692500	93.350000 
1160  22.485000	74.450000 
1290  27.542083	78.350000 
1420  30.056250	86.950000 
1550  28.188333	79.700000 
1680  29.937500	81.950000 
1810  30.820833	75.950000 
1940  34.075833	90.750000 
2070  34.354583	90.550000 
Run 11
120	15.714583	74.750000 
250  17.987500	75.750000 
380  19.347500	91.950000 
510  20.720000	92.350000 
640  21.065417	82.950000 
770  21.637500	78.950000 
900  22.220417	80.750000 
1030  26.304167	79.950000 
1160  27.793333	82.050000 
1290  28.600000	84.550000 
1420  30.980000	94.350000 
1550  29.371667	82.850000 
1680  29.022917	69.050000 
1810  32.306667	85.950000 
1940  29.845417	83.550000 
2070  34.258333	84.250000 
Run 12
120	14.623333	75.650000 
250  16.341667	73.950000 
380  17.301250	70.250000 
510  19.871250	91.950000 
640  22.502500	84.750000 
770  25.133333	93.750000 
900  24.172500	94.950000 
1030  25.371667	75.250000 
1160  26.927500	82.250000 
1290  27.582500	83.750000 
1420  27.236250	79.450000 
1550  28.793333	104.950000 
1680  32.536667	95.350000 
1810  34.318333	79.950000 
1940  34.782917	85.250000 
2070  35.360000	78.650000 
Run 13
120	12.602500	78.250000 
250  16.095000	89.250000 
380  17.372500	82.350000 
510  18.812500	85.950000 
640  21.499167	74.350000 
770  21.675000	77.950000 
900  20.400417	90.250000 
1030  23.093750	82.850000 
1160  26.362500	98.750000 
1290  26.525833	76.250000 
1420  27.742917	108.350000 
1550  28.860417	90.950000 
1680  29.427083	81.850000 
1810  29.530000	72.750000 
1940  33.448750	78.350000 
2070  30.649167	74.150000 
Run 14
120	17.928750	82.750000 
250  17.587500	91.750000 
380  20.354583	73.250000 
510  22.078333	74.250000 
640  24.020833	91.250000 
770  23.597083	87.750000 
900  26.645000	107.950000 
1030  28.365833	77.350000 
1160  32.745833	81.650000 
1290  30.740417	80.650000 
1420  32.207500	78.500000 
1550  34.372500	93.250000 
1680  35.995833	88.550000 
1810  34.597917	88.350000 
1940  37.109167	98.250000 
2070  33.940833	81.350000 
Run 15
120	14.617500	86.750000 
250  14.900000	69.750000 
380  18.024583	99.350000 
510  18.873750	78.650000 
640  22.690833	90.350000 
770  26.317083	89.550000 
900  23.631250	72.050000 
1030  24.455000	78.550000 
1160  26.422500	84.550000 
1290  26.585833	86.350000 
1420  28.566250	79.650000 
1550  29.013333	81.550000 
1680  29.519167	91.850000 
1810  31.636250	90.950000 
1940  32.714167	76.650000 
2070  31.940833	81.650000 
Run 16
120	16.226667	71.250000 
250  15.490833	80.950000 
380  17.625000	79.950000 
510  20.431667	74.350000 
640  23.696667	77.050000 
770  26.732917	91.900000 
900  27.403333	98.950000 
1030  26.895833	87.450000 
1160  30.168333	88.150000 
1290  30.855833	87.350000 
1420  30.590000	78.050000 
1550  34.021250	101.500000 
1680  32.459583	76.450000 
1810  32.642083	85.150000 
1940  33.925833	82.550000 
2070  32.345000	97.550000 
Run 17
120	15.968333	78.550000 
250  18.749167	85.350000 
380  22.276667	94.550000 
510  21.808333	93.350000 
640  22.709167	87.750000 
770  24.651667	78.550000 
900  26.273750	83.950000 
1030  26.217500	74.350000 
1160  28.576667	88.750000 
1290  29.757500	81.950000 
1420  32.260000	93.950000 
1550  32.159583	78.350000 
1680  33.981667	91.350000 
1810  33.266667	85.850000 
1940  33.861667	78.950000 
2070  34.790833	85.650000 
Run 18
120	11.760000	77.750000 
250  15.078333	78.650000 
380  15.757083	79.950000 
510  20.537083	82.350000 
640  18.989167	80.650000 
770  24.577917	82.350000 
900  23.224167	82.050000 
1030  24.282500	82.950000 
1160  28.145417	94.650000 
1290  27.086667	84.650000 
1420  29.310000	102.350000 
1550  31.765000	94.550000 
1680  31.013333	92.650000 
1810  32.463750	84.050000 
1940  32.984583	86.250000 
2070  33.805417	89.250000 
Run 19
120	12.133333	65.850000 
250  12.455833	70.950000 
380  14.790833	82.350000 
510  18.898333	75.950000 
640  22.299167	93.750000 
770  21.200833	76.250000 
900  21.507917	69.750000 
1030  26.681667	82.750000 
1160  26.349167	82.550000 
1290  25.016667	76.750000 
1420  28.109167	102.750000 
1550  26.055833	70.350000 
1680  29.385000	89.950000 
1810  29.166667	78.750000 
1940  28.606667	86.850000 
2070  32.205417	79.050000 
Run 20
120	14.021667	73.950000 
250  15.837500	103.350000 
380  18.637500	77.950000 
510  19.936667	77.350000 
640  23.567500	75.950000 
770  24.241250	92.350000 
900  23.204167	73.950000 
1030  25.434167	76.450000 
1160  26.666250	91.350000 
1290  30.154167	93.250000 
1420  30.114167	106.750000 
1550  31.667917	87.950000 
1680  32.007500	75.950000 
1810  29.157917	81.950000 
1940  32.605833	87.350000 
2070  31.273333	80.750000 
Run 21
120	15.400833	83.750000 
250  15.912500	85.150000 
380  19.531667	82.350000 
510  20.597917	91.250000 
640  24.071667	91.350000 
770  24.632500	81.950000 
900  23.364167	87.250000 
1030  22.657083	74.550000 
1160  29.149167	79.900000 
1290  26.401250	106.950000 
1420  26.390833	77.750000 
1550  31.582917	85.750000 
1680  27.537917	74.950000 
1810  31.260833	84.950000 
1940  34.071250	91.450000 
2070  33.263750	97.850000 
Run 22
120	12.970833	92.750000 
250  13.375000	76.950000 
380  16.544167	86.550000 
510  17.984167	69.250000 
640  21.657083	78.650000 
770  20.182917	75.250000 
900  18.652083	73.350000 
1030  24.043750	88.650000 
1160  25.797917	95.750000 
1290  26.829167	88.950000 
1420  27.827500	92.450000 
1550  27.672083	78.550000 
1680  30.749167	83.650000 
1810  30.533333	80.500000 
1940  30.934167	91.950000 
2070  29.655833	107.950000 
Run 23
120	15.340000	102.350000 
250  16.145000	78.850000 
380  21.461667	84.050000 
510  23.208333	81.750000 
640  20.672917	83.250000 
770  23.964167	89.750000 
900  25.843750	82.250000 
1030  25.799583	73.150000 
1160  30.082917	87.750000 
1290  28.823333	80.950000 
1420  26.930833	85.050000 
1550  29.436667	79.150000 
1680  31.820417	81.250000 
1810  32.807917	100.050000 
1940  36.805000	90.950000 
2070  35.534167	109.150000 
Run 24
120	17.347500	95.650000 
250  18.570833	73.650000 
380  19.877083	85.750000 
510  23.400000	89.150000 
640  23.350000	82.550000 
770  24.714167	90.450000 
900  25.875000	85.950000 
1030  25.916667	82.050000 
1160  28.696667	79.750000 
1290  28.368750	79.050000 
1420  30.181667	106.250000 
1550  31.175417	90.450000 
1680  32.800417	80.350000 
1810  34.835833	93.950000 
1940  32.321667	96.350000 
2070  31.573333	101.350000 
Run 25
120	13.225000	78.250000 
250  19.322500	74.050000 
380  21.005000	88.550000 
510  19.958750	75.950000 
640  20.362500	85.950000 
770  24.582500	79.250000 
900  21.240417	74.250000 
1030  26.180833	92.350000 
1160  26.319583	82.750000 
1290  25.527500	95.250000 
1420  29.479167	87.750000 
1550  31.785833	95.350000 
1680  31.896667	86.950000 
1810  34.072500	108.950000 
1940  33.585000	81.350000 
2070  35.891250	78.650000 
Run 26
120	16.859167	73.950000 
250  18.802500	79.250000 
380  20.881667	77.350000 
510  19.193333	69.350000 
640  24.152917	84.250000 
770  24.547917	104.650000 
900  25.598750	73.250000 
1030  28.773333	83.650000 
1160  28.596250	94.550000 
1290  31.261667	93.950000 
1420  31.123333	88.250000 
1550  33.076250	73.250000 
1680  32.445833	82.750000 
1810  34.627083	84.050000 
1940  32.525833	92.150000 
2070  36.013750	79.150000 
Run 27
120	12.362083	83.050000 
250  15.530833	85.250000 
380  17.392500	97.350000 
510  20.310000	87.350000 
640  19.540417	72.750000 
770  22.655833	86.550000 
900  24.282083	77.350000 
1030  24.972500	85.950000 
1160  27.543333	103.850000 
1290  25.817500	80.250000 
1420  29.693333	84.250000 
1550  28.378750	79.550000 
1680  31.420833	89.050000 
1810  31.800000	97.950000 
1940  31.118750	99.650000 
2070  32.310833	84.250000 
Run 28
120	12.657500	81.750000 
250  14.955000	105.350000 
380  17.553750	77.550000 
510  19.634167	81.350000 
640  19.813333	77.950000 
770  21.516667	67.750000 
900  23.820000	82.700000 
1030  25.036250	82.950000 
1160  26.867500	92.650000 
1290  28.345833	82.750000 
1420  28.842083	71.550000 
1550  33.200000	81.750000 
1680  31.741667	77.450000 
1810  32.464167	80.750000 
1940  33.699583	98.450000 
2070  34.391667	85.950000 
Run 29
120	12.738333	70.350000 
250  16.420000	75.950000 
380  17.279167	74.950000 
510  19.245833	89.950000 
640  18.411667	94.950000 
770  22.730833	76.850000 
900  22.915417	84.950000 
1030  21.370833	75.050000 
1160  24.353333	72.950000 
1290  27.182083	83.950000 
1420  27.853333	104.950000 
1550  27.118750	85.750000 
1680  28.813750	89.950000 
1810  28.322500	76.550000 
1940  27.985000	73.550000 
2070  32.676667	92.050000 
Run 30
120	19.673333	76.950000 
250  22.542500	85.550000 
380  23.145833	89.950000 
510  25.645833	87.650000 
640  28.007917	87.850000 
770  29.883333	78.750000 
900  28.378750	86.100000 
1030  31.500417	96.950000 
1160  29.703333	79.950000 
1290  30.262083	102.750000 
1420  31.305833	78.550000 
1550  33.030833	93.550000 
1680  36.184167	94.900000 
1810  33.936667	91.250000 
1940  35.080833	87.950000 
2070  32.978333	84.550000 
