Result Log 
Config file path: ./configurations/config1.cfg 
Using Timer Initialized Seed: True 
Random seed value: 1480876528 
Height: 10 
Width: 15 
Pill Density: 0.500000 
Wall Density: 0.250000 
Fruit Probability: 0.050000 
Fruit Value: 10 
Pac Mu: 40 
Pac Lambda: 10 
Pac Initialization scheme: Ramped Half-Half 
Pac Parent selection scheme: 0 
Pac Survivor selection scheme: 1 
Pac Survivor k-tournament: 4 
Ghost Mu: 40 
Ghost Lambda: 10 
Ghost Initialization scheme: Ramped Half-Half 
Ghost Parent selection scheme: 0 
Ghost Survivor selection scheme: 1 
Ghost Survivor k-tournament: 4 
Terminate on no average Fitness change: True 
Terminate on no best Fitness change: True 
Number of generations to terminate on no best/avg change: 50 
Number of runs: 30 
Number of evals: 2000 

Run 1
40	14.805000	71.250000 
90  25.595000	77.750000 
140  33.067500	89.950000 
190  35.967500	90.450000 
240  37.787500	74.350000 
290  39.712500	76.950000 
340  40.087500	94.450000 
390  38.172500	75.850000 
440  45.253750	82.350000 
490  45.350000	78.050000 
540  40.477500	82.750000 
590  41.992500	87.750000 
640  43.035000	78.550000 
690  39.260000	77.050000 
740  46.815000	85.250000 
790  38.052500	75.150000 
840  48.142500	69.350000 
890  48.671250	80.650000 
940  44.607500	82.950000 
990  45.717500	81.350000 
1040  41.648750	76.350000 
1090  40.025000	85.050000 
1140  40.220000	69.950000 
1190  42.182500	81.950000 
1240  41.945000	80.850000 
1290  39.792500	69.550000 
1340  43.197500	74.250000 
1390  39.972500	85.050000 
1440  38.685000	80.450000 
1490  44.387500	78.950000 
1540  40.080000	72.150000 
1590  44.860000	78.650000 
1640  39.525000	79.750000 
1690  44.502500	90.350000 
1740  45.946250	86.550000 
1790  39.495000	81.250000 
1840  48.745000	84.950000 
1890  45.057500	72.750000 
1940  43.282500	72.950000 
1990  45.507500	77.250000 
2040  43.172500	86.050000 
Run 2
40	12.132500	70.550000 
90  14.315000	77.750000 
140  21.725000	57.050000 
190  33.186250	65.750000 
240  35.270000	83.750000 
290  43.365000	83.650000 
340  37.370000	66.850000 
390  39.022500	81.450000 
440  38.347500	66.750000 
490  40.308750	87.050000 
540  41.715000	89.950000 
590  40.260000	80.550000 
640  38.867500	78.950000 
690  40.716250	92.750000 
740  41.332500	69.150000 
790  46.570000	83.250000 
840  41.678750	69.850000 
890  44.747500	83.250000 
940  40.055000	77.450000 
990  44.342500	79.250000 
1040  42.937500	88.750000 
1090  42.207500	69.550000 
1140  47.410000	89.550000 
1190  45.702500	101.950000 
1240  40.017500	75.550000 
1290  44.250000	82.550000 
1340  43.042500	66.650000 
1390  45.487500	76.950000 
1440  43.365000	83.250000 
1490  44.360000	80.650000 
1540  41.045000	86.550000 
1590  46.625000	77.050000 
1640  45.477500	77.350000 
1690  41.822500	86.550000 
1740  45.905000	79.550000 
1790  43.417500	92.550000 
1840  45.101250	77.950000 
1890  48.042500	88.550000 
1940  42.032500	73.950000 
1990  45.437500	86.550000 
2040  38.568750	71.250000 
Run 3
40	15.640000	83.950000 
90  25.357500	75.250000 
140  27.310000	76.950000 
190  31.627500	92.750000 
240  40.737500	93.350000 
290  38.100000	84.950000 
340  35.885000	82.650000 
390  45.367500	78.750000 
440  41.727500	75.650000 
490  43.815000	74.650000 
540  48.745000	83.350000 
590  44.307500	73.150000 
640  43.556250	80.050000 
690  49.212500	82.950000 
740  39.790000	91.750000 
790  46.308750	88.350000 
840  40.832500	85.450000 
890  45.096250	75.650000 
940  44.413750	76.350000 
990  44.005000	85.650000 
1040  40.817500	87.750000 
1090  40.845000	86.050000 
1140  41.372500	85.550000 
1190  42.710000	89.650000 
1240  41.287500	74.350000 
1290  46.981250	93.050000 
1340  43.642500	90.650000 
1390  41.160000	79.750000 
1440  38.502500	78.650000 
1490  37.992500	68.550000 
1540  38.436250	67.250000 
1590  36.835000	93.550000 
1640  43.860000	74.650000 
1690  46.345000	77.350000 
1740  43.770000	75.350000 
1790  40.882500	70.050000 
1840  42.937500	74.750000 
1890  43.697500	75.250000 
1940  44.556250	82.350000 
1990  47.860000	95.550000 
2040  41.292500	74.550000 
Run 4
40	13.522500	73.050000 
90  17.035000	71.750000 
140  26.045000	72.850000 
190  31.110000	80.850000 
240  32.940000	80.350000 
290  38.502500	77.250000 
340  40.825000	77.750000 
390  42.710000	88.300000 
440  44.452500	83.250000 
490  38.797500	70.850000 
540  41.677500	68.550000 
590  42.480000	83.350000 
640  42.407500	89.250000 
690  42.625000	68.950000 
740  42.815000	75.050000 
790  46.382500	80.550000 
840  42.830000	77.150000 
890  47.762500	97.450000 
940  44.982500	76.350000 
990  42.527500	75.450000 
1040  48.042500	97.350000 
1090  43.882500	89.950000 
1140  44.771250	81.850000 
1190  45.990000	91.850000 
1240  46.626250	90.850000 
1290  40.102500	92.750000 
1340  39.020000	75.350000 
1390  41.980000	85.350000 
1440  42.985000	76.150000 
1490  40.802500	84.350000 
1540  39.037500	84.350000 
1590  43.212500	83.450000 
1640  48.137500	81.550000 
1690  42.502500	93.750000 
1740  42.052500	83.550000 
1790  44.835000	84.250000 
1840  44.875000	80.850000 
1890  41.452500	88.050000 
1940  44.202500	87.550000 
1990  46.760000	84.350000 
2040  43.460000	100.750000 
Run 5
40	7.735000	57.950000 
90  18.050000	98.750000 
140  22.660000	74.750000 
190  32.187500	83.750000 
240  33.982500	87.350000 
290  39.787500	88.650000 
340  34.742500	83.850000 
390  39.765000	76.750000 
440  39.977500	86.650000 
490  41.988750	80.350000 
540  43.231250	104.250000 
590  41.011250	103.350000 
640  45.578750	101.550000 
690  45.203750	82.550000 
740  44.363750	96.550000 
790  48.648750	102.650000 
840  50.575000	97.650000 
890  48.350000	75.850000 
940  48.625000	88.550000 
990  43.140000	91.850000 
1040  45.440000	78.550000 
1090  43.992500	83.650000 
1140  49.720000	108.450000 
1190  46.760000	79.550000 
1240  44.352500	74.550000 
1290  49.202500	72.550000 
1340  47.212500	76.950000 
1390  50.747500	88.250000 
1440  50.591250	76.650000 
1490  51.102500	85.050000 
1540  48.262500	84.250000 
1590  42.372500	83.050000 
1640  50.132500	88.550000 
1690  48.551250	78.150000 
1740  44.420000	73.950000 
1790  47.505000	84.650000 
1840  47.833750	85.650000 
1890  47.952500	89.650000 
1940  49.635000	81.250000 
1990  43.185000	74.950000 
2040  49.562500	93.650000 
Run 6
40	22.227500	75.350000 
90  30.515000	91.250000 
140  28.621250	70.250000 
190  35.145000	74.950000 
240  38.770000	81.350000 
290  35.977500	70.250000 
340  42.205000	86.850000 
390  44.565000	78.350000 
440  43.340000	87.350000 
490  43.662500	78.050000 
540  41.250000	84.950000 
590  44.592500	98.150000 
640  42.790000	75.250000 
690  40.455000	64.750000 
740  47.410000	73.100000 
790  42.531250	75.250000 
840  44.882500	96.050000 
890  46.587500	77.150000 
940  51.751250	92.950000 
990  42.847500	74.950000 
1040  43.237500	93.750000 
1090  41.680000	96.050000 
1140  44.127500	78.750000 
1190  42.535000	95.650000 
1240  43.586250	86.950000 
1290  40.725000	89.050000 
1340  43.377500	93.350000 
1390  43.460000	103.250000 
1440  43.232500	80.550000 
1490  39.292500	74.350000 
1540  42.360000	71.050000 
1590  49.040000	84.050000 
1640  42.510000	86.050000 
1690  40.887500	71.650000 
1740  39.066250	67.050000 
1790  44.750000	83.750000 
1840  44.020000	79.050000 
1890  42.225000	69.450000 
1940  40.267500	66.850000 
1990  42.512500	77.550000 
2040  47.815000	92.650000 
Run 7
40	14.450000	69.750000 
90  22.542500	79.950000 
140  25.060000	76.650000 
190  28.247500	75.050000 
240  27.075000	68.650000 
290  33.830000	78.450000 
340  33.715000	76.750000 
390  30.810000	65.650000 
440  36.850000	78.350000 
490  33.207500	69.750000 
540  39.775000	78.650000 
590  37.057500	67.750000 
640  35.955000	87.150000 
690  36.371250	76.350000 
740  33.615000	68.650000 
790  36.425000	94.650000 
840  34.010000	76.650000 
890  36.192500	74.050000 
940  39.450000	71.750000 
990  37.082500	79.950000 
1040  41.493750	90.250000 
1090  38.961250	83.750000 
1140  36.710000	88.250000 
1190  40.965000	71.750000 
1240  40.150000	78.050000 
1290  36.762500	66.050000 
1340  44.295000	81.650000 
1390  40.817500	79.050000 
1440  42.995000	89.050000 
1490  40.130000	82.050000 
1540  43.402500	91.750000 
1590  37.787500	73.650000 
1640  40.065000	76.850000 
1690  39.672500	79.650000 
1740  38.313750	65.950000 
1790  43.967500	79.050000 
1840  41.323750	77.950000 
1890  39.141250	88.550000 
1940  35.682500	68.050000 
1990  43.637500	78.150000 
2040  42.367500	81.950000 
Run 8
40	18.315000	66.750000 
90  20.675000	71.750000 
140  25.572500	87.450000 
190  28.587500	80.350000 
240  30.827500	94.650000 
290  33.505000	90.650000 
340  38.940000	90.650000 
390  39.230000	72.450000 
440  38.510000	77.650000 
490  42.913750	76.950000 
540  39.230000	80.650000 
590  43.440000	90.750000 
640  48.105000	76.450000 
690  46.937500	82.350000 
740  44.347500	84.250000 
790  42.280000	74.950000 
840  40.221250	71.550000 
890  44.853750	85.350000 
940  44.617500	83.450000 
990  44.031250	73.050000 
1040  45.913750	77.550000 
1090  40.500000	92.950000 
1140  44.148750	79.050000 
1190  43.755000	85.350000 
1240  43.415000	81.650000 
1290  43.580000	78.050000 
1340  43.475000	73.750000 
1390  46.572500	87.850000 
1440  45.290000	77.350000 
1490  45.330000	83.750000 
1540  44.010000	68.950000 
1590  47.802500	82.650000 
1640  42.925000	93.350000 
1690  47.287500	79.350000 
1740  43.255000	76.750000 
1790  47.942500	81.650000 
1840  42.810000	90.050000 
1890  41.802500	84.050000 
1940  46.791250	90.650000 
1990  41.732500	98.350000 
2040  41.246250	76.950000 
Run 9
40	8.067500	54.750000 
90  20.910000	66.550000 
140  24.310000	85.650000 
190  31.592500	105.350000 
240  28.680000	90.050000 
290  29.885000	64.650000 
340  35.585000	63.250000 
390  41.417500	80.150000 
440  45.140000	79.250000 
490  41.905000	78.150000 
540  43.176250	91.700000 
590  46.947500	92.050000 
640  48.195000	78.650000 
690  46.668750	76.350000 
740  47.600000	88.650000 
790  45.405000	98.250000 
840  47.412500	96.650000 
890  48.400000	79.650000 
940  50.170000	101.650000 
990  47.000000	91.250000 
1040  47.090000	85.750000 
1090  45.841250	82.450000 
1140  44.472500	84.850000 
1190  42.620000	85.550000 
1240  46.920000	73.650000 
1290  45.740000	92.250000 
1340  49.572500	94.350000 
1390  47.805000	104.350000 
1440  44.258750	84.750000 
1490  45.810000	80.950000 
1540  48.131250	87.050000 
1590  47.872500	82.550000 
1640  50.572500	87.050000 
1690  47.463750	91.850000 
1740  44.687500	76.650000 
1790  48.965000	85.550000 
1840  41.611250	73.250000 
1890  42.285000	81.950000 
1940  46.985000	79.650000 
1990  47.650000	91.250000 
2040  46.428750	75.950000 
Run 10
40	15.420000	78.950000 
90  21.385000	67.250000 
140  26.450000	83.650000 
190  26.605000	87.750000 
240  30.898750	71.950000 
290  36.986250	77.950000 
340  36.230000	66.250000 
390  41.897500	70.050000 
440  39.065000	84.950000 
490  43.030000	87.050000 
540  41.497500	71.750000 
590  44.032500	77.950000 
640  37.290000	69.550000 
690  44.812500	74.450000 
740  44.590000	86.450000 
790  43.460000	77.150000 
840  43.877500	74.850000 
890  44.700000	78.750000 
940  44.431250	79.950000 
990  49.217500	97.250000 
1040  44.852500	88.050000 
1090  39.412500	78.050000 
1140  42.060000	88.350000 
1190  46.772500	73.050000 
1240  38.163750	83.050000 
1290  47.350000	89.950000 
1340  49.570000	88.250000 
1390  51.717500	83.650000 
1440  45.297500	68.250000 
1490  42.877500	87.250000 
1540  42.815000	73.250000 
1590  45.447500	83.750000 
1640  46.567500	89.950000 
1690  48.005000	95.650000 
1740  46.482500	74.050000 
1790  49.087500	81.650000 
1840  43.517500	75.750000 
1890  48.506250	86.050000 
1940  49.977500	109.050000 
1990  45.505000	97.250000 
2040  45.992500	70.650000 
Run 11
40	5.290000	43.350000 
90  17.567500	78.750000 
140  21.810000	102.250000 
190  31.360000	82.250000 
240  33.857500	87.350000 
290  35.040000	78.350000 
340  34.446250	84.550000 
390  37.270000	89.150000 
440  37.935000	71.350000 
490  43.620000	85.450000 
540  37.815000	76.550000 
590  36.847500	81.850000 
640  43.512500	89.350000 
690  42.642500	89.550000 
740  43.390000	73.750000 
790  44.307500	93.350000 
840  43.047500	70.750000 
890  45.787500	86.550000 
940  42.462500	67.150000 
990  44.192500	78.550000 
1040  44.200000	75.850000 
1090  40.506250	84.850000 
1140  42.825000	70.950000 
1190  47.315000	75.650000 
1240  43.017500	71.850000 
1290  40.915000	77.150000 
1340  45.640000	87.550000 
1390  41.877500	81.850000 
1440  43.600000	74.750000 
1490  42.066250	78.350000 
1540  48.472500	79.250000 
1590  40.310000	88.650000 
1640  48.780000	84.350000 
1690  41.650000	83.050000 
1740  46.960000	82.050000 
1790  41.891250	70.050000 
1840  47.317500	78.350000 
1890  46.727500	68.350000 
1940  47.512500	71.750000 
1990  48.647500	91.050000 
2040  44.457500	107.350000 
Run 12
40	8.682500	61.750000 
90  13.030000	66.750000 
140  20.905000	66.750000 
190  23.398750	91.750000 
240  27.668750	86.150000 
290  36.302500	72.350000 
340  38.173750	71.750000 
390  39.687500	82.750000 
440  42.462500	87.350000 
490  42.760000	84.750000 
540  38.960000	79.450000 
590  39.842500	87.450000 
640  42.431250	69.650000 
690  41.952500	79.750000 
740  46.147500	78.550000 
790  44.785000	77.550000 
840  39.311250	80.750000 
890  43.202500	85.150000 
940  40.345000	72.050000 
990  38.280000	74.450000 
1040  45.102500	81.450000 
1090  43.553750	76.650000 
1140  42.331250	75.650000 
1190  43.655000	76.750000 
1240  40.823750	70.150000 
1290  44.271250	86.450000 
1340  42.577500	86.450000 
1390  38.842500	87.450000 
1440  41.866250	81.850000 
1490  41.555000	82.550000 
1540  44.100000	84.250000 
1590  41.565000	68.150000 
1640  44.317500	76.250000 
1690  41.560000	78.550000 
1740  38.395000	91.450000 
1790  44.347500	82.550000 
1840  41.875000	74.350000 
1890  35.303750	74.350000 
1940  35.540000	70.050000 
1990  37.795000	74.650000 
2040  39.962500	83.250000 
Run 13
40	18.390000	66.950000 
90  24.655000	93.650000 
140  26.450000	71.050000 
190  31.520000	75.950000 
240  28.915000	96.950000 
290  35.255000	70.650000 
340  37.052500	73.950000 
390  39.265000	83.650000 
440  43.490000	98.950000 
490  40.472500	93.650000 
540  41.762500	73.250000 
590  40.362500	97.750000 
640  41.505000	77.150000 
690  42.925000	87.250000 
740  45.795000	86.250000 
790  43.777500	83.150000 
840  37.075000	72.050000 
890  43.428750	79.150000 
940  40.072500	80.650000 
990  41.062500	78.250000 
1040  38.860000	73.050000 
1090  43.812500	77.350000 
1140  45.930000	79.450000 
1190  42.112500	89.350000 
1240  48.720000	86.050000 
1290  43.572500	85.350000 
1340  41.832500	92.950000 
1390  40.022500	83.550000 
1440  40.587500	102.950000 
1490  34.542500	74.650000 
1540  42.396250	74.750000 
1590  47.033750	78.950000 
1640  43.285000	75.950000 
1690  44.552500	76.750000 
1740  43.412500	83.650000 
1790  44.913750	79.750000 
1840  48.685000	81.950000 
1890  44.688750	87.450000 
1940  48.340000	77.150000 
1990  41.736250	83.850000 
2040  42.995000	86.050000 
Run 14
40	12.780000	72.650000 
90  20.907500	75.750000 
140  18.865000	57.450000 
190  32.087500	84.750000 
240  33.162500	88.650000 
290  31.370000	99.050000 
340  33.662500	75.950000 
390  31.195000	83.450000 
440  36.362500	83.650000 
490  39.292500	82.450000 
540  35.608750	71.150000 
590  36.527500	78.650000 
640  38.845000	75.150000 
690  42.772500	82.750000 
740  39.215000	77.950000 
790  42.487500	92.350000 
840  41.143750	90.250000 
890  37.822500	78.850000 
940  44.110000	79.850000 
990  41.142500	84.650000 
1040  37.520000	77.250000 
1090  42.641250	82.050000 
1140  42.045000	77.150000 
1190  37.760000	83.850000 
1240  43.580000	81.650000 
1290  42.440000	103.650000 
1340  44.732500	74.550000 
1390  46.982500	78.050000 
1440  44.917500	82.250000 
1490  43.925000	93.250000 
1540  42.325000	80.050000 
1590  41.666250	72.250000 
1640  45.233750	98.650000 
1690  43.677500	92.450000 
1740  47.530000	86.850000 
1790  42.248750	65.650000 
1840  44.426250	93.650000 
1890  45.607500	71.950000 
1940  44.726250	83.950000 
1990  46.936250	65.750000 
2040  44.180000	72.250000 
Run 15
40	18.027500	68.750000 
90  27.125000	73.950000 
140  25.510000	62.950000 
190  35.395000	78.150000 
240  30.285000	78.150000 
290  30.810000	73.950000 
340  34.428750	82.500000 
390  36.095000	72.650000 
440  37.537500	78.350000 
490  36.910000	79.150000 
540  40.045000	85.950000 
590  37.815000	82.650000 
640  35.215000	81.250000 
690  39.770000	82.250000 
740  38.482500	76.250000 
790  43.887500	94.450000 
840  38.223750	74.900000 
890  34.087500	78.150000 
940  38.820000	65.150000 
990  37.442500	79.150000 
1040  45.115000	79.250000 
1090  48.462500	105.150000 
1140  40.527500	86.950000 
1190  41.116250	77.150000 
1240  38.012500	86.050000 
1290  37.670000	65.150000 
1340  42.407500	84.450000 
1390  41.495000	73.250000 
1440  38.552500	89.250000 
1490  41.477500	81.050000 
1540  41.143750	79.550000 
1590  39.688750	90.050000 
1640  39.890000	91.250000 
1690  38.127500	69.850000 
1740  42.881250	95.150000 
1790  41.465000	87.950000 
1840  41.645000	103.850000 
1890  44.210000	78.850000 
1940  46.752500	77.550000 
1990  45.000000	87.150000 
2040  48.642500	90.100000 
Run 16
40	10.130000	60.550000 
90  20.790000	73.750000 
140  21.523750	96.350000 
190  23.601250	74.750000 
240  28.673750	83.650000 
290  36.981250	89.350000 
340  39.230000	77.250000 
390  39.377500	76.750000 
440  38.690000	75.050000 
490  37.141250	83.650000 
540  36.775000	72.250000 
590  37.777500	63.150000 
640  38.680000	72.950000 
690  41.597500	76.550000 
740  32.941250	71.250000 
790  40.172500	76.650000 
840  41.277500	84.950000 
890  41.857500	74.950000 
940  40.387500	71.950000 
990  47.865000	86.650000 
1040  40.912500	77.650000 
1090  41.930000	86.850000 
1140  41.495000	78.900000 
1190  39.580000	62.750000 
1240  42.372500	81.450000 
1290  44.253750	80.750000 
1340  47.720000	79.850000 
1390  42.407500	71.350000 
1440  45.967500	94.650000 
1490  45.397500	73.950000 
1540  44.392500	81.250000 
1590  49.472500	91.550000 
1640  45.862500	76.650000 
1690  43.162500	70.150000 
1740  47.847500	83.850000 
1790  50.115000	88.150000 
1840  39.445000	95.150000 
1890  38.332500	71.950000 
1940  43.781250	72.050000 
1990  44.310000	84.250000 
2040  41.921250	88.650000 
Run 17
40	19.800000	71.750000 
90  21.967500	97.850000 
140  25.387500	75.350000 
190  31.915000	90.450000 
240  31.917500	73.150000 
290  32.480000	82.650000 
340  34.232500	78.050000 
390  35.460000	74.550000 
440  40.065000	80.450000 
490  41.137500	102.050000 
540  41.135000	84.950000 
590  39.915000	72.650000 
640  40.341250	82.750000 
690  39.512500	84.150000 
740  39.675000	81.250000 
790  42.170000	81.450000 
840  45.750000	76.850000 
890  40.095000	75.750000 
940  42.882500	71.750000 
990  44.060000	84.050000 
1040  43.841250	90.650000 
1090  48.230000	76.850000 
1140  47.857500	81.650000 
1190  47.250000	86.550000 
1240  44.137500	83.750000 
1290  50.557500	87.750000 
1340  43.688750	73.350000 
1390  47.717500	84.050000 
1440  45.247500	85.050000 
1490  46.406250	94.250000 
1540  48.076250	85.950000 
1590  48.267500	82.550000 
1640  41.432500	85.250000 
1690  37.420000	74.950000 
1740  41.302500	81.850000 
1790  45.552500	80.050000 
1840  42.717500	92.550000 
1890  38.167500	72.250000 
1940  47.982500	81.550000 
1990  41.437500	79.950000 
2040  46.825000	88.450000 
Run 18
40	13.302500	71.250000 
90  22.297500	74.150000 
140  27.760000	73.050000 
190  32.390000	77.250000 
240  33.597500	88.350000 
290  31.562500	84.250000 
340  36.417500	69.550000 
390  37.553750	74.850000 
440  41.223750	73.850000 
490  42.067500	97.850000 
540  47.025000	84.350000 
590  46.247500	82.350000 
640  46.497500	73.050000 
690  47.335000	81.750000 
740  44.925000	88.450000 
790  45.232500	81.950000 
840  45.018750	87.650000 
890  45.277500	77.850000 
940  42.085000	94.050000 
990  46.460000	77.450000 
1040  44.270000	69.850000 
1090  44.025000	92.150000 
1140  45.222500	86.950000 
1190  44.735000	90.050000 
1240  46.142500	86.850000 
1290  48.770000	79.150000 
1340  41.400000	65.850000 
1390  41.955000	79.350000 
1440  42.866250	92.250000 
1490  47.402500	83.350000 
1540  42.136250	76.450000 
1590  39.172500	83.350000 
1640  39.366250	77.950000 
1690  44.068750	74.350000 
1740  47.622500	98.750000 
1790  43.138750	68.950000 
1840  44.295000	99.450000 
1890  43.255000	87.450000 
1940  43.572500	85.750000 
1990  43.796250	85.650000 
2040  46.670000	80.750000 
Run 19
40	10.475000	64.550000 
90  15.692500	86.950000 
140  22.255000	73.650000 
190  24.346250	66.550000 
240  27.515000	78.650000 
290  36.077500	75.950000 
340  34.297500	79.650000 
390  38.695000	83.900000 
440  36.428750	89.050000 
490  35.677500	88.250000 
540  40.332500	90.250000 
590  40.757500	73.950000 
640  40.482500	79.950000 
690  41.107500	85.550000 
740  43.387500	80.350000 
790  47.605000	91.950000 
840  37.871250	71.250000 
890  44.313750	81.650000 
940  47.462500	103.250000 
990  42.662500	83.250000 
1040  37.607500	69.950000 
1090  39.222500	76.250000 
1140  43.962500	82.150000 
1190  46.996250	100.950000 
1240  49.215000	91.950000 
1290  43.751250	81.250000 
1340  42.560000	78.550000 
1390  44.467500	79.250000 
1440  38.945000	72.550000 
1490  40.970000	83.550000 
1540  37.836250	70.650000 
1590  44.837500	87.550000 
1640  37.882500	91.650000 
1690  39.856250	89.350000 
1740  39.083750	68.550000 
1790  42.972500	68.550000 
1840  46.585000	81.250000 
1890  42.128750	89.650000 
1940  46.957500	77.650000 
1990  43.257500	90.550000 
2040  44.595000	95.750000 
Run 20
40	14.352500	65.550000 
90  26.392500	87.750000 
140  30.085000	91.350000 
190  30.310000	66.350000 
240  33.245000	67.150000 
290  39.151250	73.650000 
340  33.900000	79.750000 
390  39.360000	98.250000 
440  36.652500	87.950000 
490  37.192500	79.350000 
540  37.620000	73.350000 
590  37.457500	89.450000 
640  38.768750	69.850000 
690  42.142500	79.550000 
740  43.605000	82.450000 
790  39.467500	93.050000 
840  39.135000	77.550000 
890  41.632500	77.750000 
940  40.062500	86.550000 
990  40.427500	82.750000 
1040  40.780000	89.750000 
1090  41.412500	69.550000 
1140  40.440000	72.950000 
1190  42.602500	78.550000 
1240  44.412500	76.850000 
1290  40.352500	80.750000 
1340  42.995000	79.850000 
1390  44.390000	85.050000 
1440  43.087500	78.550000 
1490  47.095000	93.450000 
1540  43.410000	86.750000 
1590  44.742500	72.550000 
1640  41.960000	73.050000 
1690  41.987500	73.450000 
1740  41.665000	74.550000 
1790  41.665000	71.650000 
1840  44.140000	105.150000 
1890  44.065000	84.950000 
1940  48.692500	81.450000 
1990  43.722500	80.850000 
2040  40.855000	96.150000 
Run 21
40	18.745000	69.550000 
90  21.230000	70.350000 
140  25.341250	75.750000 
190  26.722500	74.950000 
240  32.820000	67.250000 
290  40.282500	80.650000 
340  43.188750	76.150000 
390  45.475000	95.550000 
440  39.872500	74.750000 
490  45.030000	79.250000 
540  44.147500	86.250000 
590  43.091250	85.150000 
640  43.282500	75.950000 
690  44.727500	74.050000 
740  42.282500	82.500000 
790  48.531250	88.350000 
840  42.800000	71.850000 
890  45.843750	94.950000 
940  44.906250	77.350000 
990  43.525000	78.050000 
1040  45.226250	88.650000 
1090  42.945000	85.050000 
1140  44.355000	79.450000 
1190  48.210000	78.350000 
1240  45.357500	87.350000 
1290  43.601250	73.350000 
1340  43.582500	75.750000 
1390  41.002500	71.350000 
1440  44.602500	76.750000 
1490  48.260000	73.750000 
1540  43.880000	74.250000 
1590  45.567500	82.550000 
1640  38.335000	96.450000 
1690  37.720000	76.650000 
1740  43.515000	79.750000 
1790  37.497500	78.450000 
1840  42.862500	78.250000 
1890  47.682500	96.750000 
1940  48.270000	87.650000 
1990  46.742500	81.650000 
2040  45.617500	86.650000 
Run 22
40	14.442500	97.250000 
90  21.210000	74.750000 
140  23.262500	74.450000 
190  28.017500	69.650000 
240  30.742500	70.900000 
290  31.343750	74.650000 
340  36.577500	79.450000 
390  40.852500	84.750000 
440  36.625000	88.850000 
490  41.503750	80.750000 
540  36.260000	79.250000 
590  38.353750	87.750000 
640  40.732500	76.950000 
690  42.447500	77.750000 
740  36.101250	72.950000 
790  37.977500	84.450000 
840  39.830000	68.050000 
890  42.312500	69.450000 
940  41.747500	73.750000 
990  41.176250	75.550000 
1040  44.595000	77.750000 
1090  38.395000	66.250000 
1140  40.205000	67.750000 
1190  47.282500	87.650000 
1240  44.617500	86.650000 
1290  42.323750	76.750000 
1340  44.063750	74.850000 
1390  37.707500	68.650000 
1440  40.060000	68.850000 
1490  36.533750	84.450000 
1540  42.660000	84.750000 
1590  41.407500	82.850000 
1640  40.677500	88.350000 
1690  40.007500	77.850000 
1740  40.412500	83.750000 
1790  40.602500	78.350000 
1840  42.522500	100.750000 
1890  43.230000	81.350000 
1940  41.751250	93.050000 
1990  43.235000	77.350000 
2040  37.403750	94.750000 
Run 23
40	14.402500	65.350000 
90  20.657500	70.950000 
140  26.330000	84.350000 
190  26.035000	85.850000 
240  29.690000	78.750000 
290  32.460000	82.050000 
340  35.197500	70.750000 
390  43.580000	79.750000 
440  33.107500	88.550000 
490  38.153750	85.250000 
540  39.430000	75.150000 
590  42.347500	82.250000 
640  38.106250	83.450000 
690  38.357500	78.750000 
740  40.382500	71.750000 
790  37.433750	86.250000 
840  42.551250	78.700000 
890  37.945000	83.450000 
940  42.661250	74.050000 
990  38.155000	82.250000 
1040  41.850000	85.750000 
1090  39.915000	84.450000 
1140  44.155000	80.750000 
1190  37.700000	85.850000 
1240  42.121250	85.450000 
1290  40.285000	79.750000 
1340  45.200000	86.350000 
1390  44.787500	80.050000 
1440  37.237500	86.750000 
1490  42.520000	76.950000 
1540  46.080000	92.450000 
1590  44.615000	101.350000 
1640  45.470000	87.050000 
1690  43.477500	82.350000 
1740  44.217500	72.850000 
1790  43.297500	79.850000 
1840  41.772500	86.750000 
1890  40.376250	79.350000 
1940  39.285000	72.350000 
1990  46.250000	82.050000 
2040  42.870000	74.350000 
Run 24
40	11.927500	56.750000 
90  19.125000	66.750000 
140  21.900000	75.950000 
190  25.250000	60.250000 
240  31.960000	72.750000 
290  37.980000	87.750000 
340  28.125000	95.750000 
390  36.985000	86.350000 
440  31.660000	86.750000 
490  29.943750	73.650000 
540  42.077500	78.650000 
590  45.322500	89.350000 
640  43.812500	96.850000 
690  36.005000	70.350000 
740  39.476250	81.050000 
790  42.232500	78.650000 
840  44.327500	83.450000 
890  42.497500	88.150000 
940  41.811250	84.850000 
990  41.782500	87.450000 
1040  41.050000	64.750000 
1090  40.037500	77.450000 
1140  40.640000	86.850000 
1190  47.457500	75.550000 
1240  47.060000	89.250000 
1290  35.617500	66.150000 
1340  40.997500	73.750000 
1390  45.840000	95.350000 
1440  41.405000	70.950000 
1490  43.702500	76.250000 
1540  43.250000	78.950000 
1590  44.920000	80.050000 
1640  44.916250	67.250000 
1690  43.610000	75.550000 
1740  45.842500	84.550000 
1790  43.340000	84.350000 
1840  40.582500	90.350000 
1890  41.247500	91.050000 
1940  39.537500	65.050000 
1990  40.581250	71.550000 
2040  42.056250	76.250000 
Run 25
40	16.817500	70.350000 
90  20.572500	70.750000 
140  26.615000	67.250000 
190  32.195000	72.950000 
240  28.813750	66.450000 
290  38.790000	87.750000 
340  36.480000	64.750000 
390  41.352500	93.550000 
440  39.592500	73.550000 
490  42.715000	77.950000 
540  41.682500	71.050000 
590  47.240000	90.650000 
640  45.465000	87.850000 
690  44.165000	91.350000 
740  45.666250	75.950000 
790  39.375000	66.850000 
840  44.761250	76.950000 
890  38.022500	82.150000 
940  42.792500	76.850000 
990  44.882500	68.950000 
1040  47.280000	87.950000 
1090  41.917500	95.950000 
1140  46.285000	73.550000 
1190  38.157500	76.650000 
1240  44.277500	73.250000 
1290  41.355000	74.850000 
1340  39.855000	77.650000 
1390  43.367500	70.950000 
1440  38.722500	70.150000 
1490  40.657500	74.950000 
1540  41.230000	81.850000 
1590  38.130000	91.250000 
1640  38.645000	72.050000 
1690  41.005000	71.750000 
1740  43.365000	87.950000 
1790  43.492500	78.650000 
1840  37.922500	107.050000 
1890  40.505000	81.050000 
1940  41.857500	87.450000 
1990  46.585000	77.750000 
2040  45.928750	81.900000 
Run 26
40	16.312500	72.750000 
90  23.907500	78.950000 
140  25.217500	68.650000 
190  32.985000	71.550000 
240  32.751250	64.350000 
290  36.447500	74.650000 
340  37.197500	87.350000 
390  35.660000	71.250000 
440  40.680000	79.250000 
490  37.260000	84.750000 
540  45.077500	76.850000 
590  32.122500	80.250000 
640  34.565000	66.050000 
690  41.982500	79.350000 
740  35.567500	74.850000 
790  42.547500	85.950000 
840  38.525000	88.350000 
890  42.982500	85.050000 
940  41.715000	74.550000 
990  42.470000	75.350000 
1040  38.992500	77.350000 
1090  38.966250	79.750000 
1140  48.425000	94.350000 
1190  42.152500	83.750000 
1240  45.132500	81.350000 
1290  45.650000	77.250000 
1340  45.345000	78.650000 
1390  42.856250	75.350000 
1440  44.926250	86.550000 
1490  42.408750	79.100000 
1540  40.902500	84.150000 
1590  45.308750	88.500000 
1640  40.070000	82.150000 
1690  42.462500	86.550000 
1740  42.800000	83.550000 
1790  43.190000	76.150000 
1840  43.360000	79.550000 
1890  46.660000	84.650000 
1940  44.530000	86.250000 
1990  43.862500	79.250000 
2040  43.756250	76.850000 
Run 27
40	16.412500	67.350000 
90  26.000000	96.750000 
140  33.035000	84.650000 
190  35.532500	95.950000 
240  35.046250	76.550000 
290  39.230000	86.250000 
340  40.845000	82.950000 
390  44.450000	107.050000 
440  47.485000	84.550000 
490  47.835000	86.250000 
540  45.507500	79.950000 
590  42.397500	82.650000 
640  45.603750	76.350000 
690  45.667500	103.550000 
740  43.696250	84.550000 
790  53.447500	83.650000 
840  45.961250	99.100000 
890  42.390000	83.550000 
940  40.238750	80.350000 
990  42.250000	91.250000 
1040  39.947500	70.550000 
1090  43.330000	90.250000 
1140  43.637500	100.650000 
1190  40.165000	98.950000 
1240  46.745000	86.550000 
1290  44.115000	77.550000 
1340  48.140000	83.650000 
1390  48.268750	80.550000 
1440  43.662500	79.550000 
1490  44.660000	94.250000 
1540  46.295000	83.350000 
1590  50.971250	75.950000 
1640  42.685000	77.650000 
1690  39.547500	74.950000 
1740  39.405000	74.650000 
1790  40.502500	84.350000 
1840  47.282500	89.950000 
1890  51.972500	104.950000 
1940  44.262500	76.250000 
1990  48.407500	86.750000 
2040  48.555000	94.250000 
Run 28
40	10.897500	66.950000 
90  16.215000	75.550000 
140  23.925000	76.950000 
190  25.937500	72.350000 
240  29.167500	79.950000 
290  38.885000	87.850000 
340  37.301250	82.550000 
390  40.972500	91.250000 
440  41.660000	90.050000 
490  43.125000	87.950000 
540  47.627500	83.550000 
590  45.287500	77.350000 
640  41.980000	77.750000 
690  40.227500	78.950000 
740  37.618750	72.450000 
790  41.230000	78.350000 
840  36.607500	84.250000 
890  42.313750	85.900000 
940  37.865000	78.150000 
990  42.011250	72.550000 
1040  45.325000	89.650000 
1090  40.060000	66.950000 
1140  46.137500	90.650000 
1190  44.857500	75.250000 
1240  39.717500	72.950000 
1290  49.522500	83.250000 
1340  46.220000	74.650000 
1390  48.277500	111.650000 
1440  48.158750	95.950000 
1490  47.590000	71.550000 
1540  46.552500	89.850000 
1590  44.492500	77.650000 
1640  43.395000	88.350000 
1690  46.582500	79.950000 
1740  46.952500	96.250000 
1790  45.937500	75.650000 
1840  41.647500	86.950000 
1890  41.731250	85.650000 
1940  37.395000	75.950000 
1990  38.982500	88.950000 
2040  46.231250	82.250000 
Run 29
40	19.395000	71.750000 
90  24.502500	73.250000 
140  29.345000	89.650000 
190  28.336250	79.950000 
240  34.401250	73.050000 
290  36.586250	70.350000 
340  38.750000	79.550000 
390  44.008750	77.150000 
440  45.207500	79.950000 
490  47.815000	78.450000 
540  48.067500	77.950000 
590  43.862500	68.050000 
640  41.512500	76.950000 
690  43.918750	75.750000 
740  42.762500	85.750000 
790  42.540000	84.450000 
840  44.760000	79.750000 
890  42.030000	85.050000 
940  48.217500	94.750000 
990  45.457500	81.950000 
1040  44.227500	75.950000 
1090  44.577500	89.450000 
1140  46.073750	77.950000 
1190  48.352500	109.750000 
1240  42.635000	78.950000 
1290  45.862500	76.250000 
1340  45.142500	74.450000 
1390  46.935000	78.650000 
1440  45.955000	85.750000 
1490  42.065000	91.950000 
1540  41.475000	86.950000 
1590  43.147500	67.350000 
1640  43.460000	87.250000 
1690  46.065000	76.950000 
1740  46.770000	94.050000 
1790  44.832500	82.750000 
1840  42.660000	81.650000 
1890  48.095000	75.650000 
1940  42.471250	70.150000 
1990  44.047500	75.650000 
2040  42.575000	73.650000 
Run 30
40	7.912500	64.950000 
90  16.175000	70.650000 
140  25.727500	83.650000 
190  32.412500	80.150000 
240  29.535000	90.650000 
290  29.787500	63.850000 
340  34.646250	91.150000 
390  37.500000	74.950000 
440  39.390000	81.850000 
490  45.815000	83.950000 
540  39.252500	72.650000 
590  40.410000	107.250000 
640  40.030000	75.650000 
690  42.326250	74.650000 
740  40.877500	79.250000 
790  47.456250	86.950000 
840  45.635000	93.950000 
890  49.368750	83.950000 
940  43.510000	68.350000 
990  41.482500	73.250000 
1040  43.532500	78.650000 
1090  52.130000	87.650000 
1140  43.832500	71.350000 
1190  48.263750	89.050000 
1240  42.437500	76.850000 
1290  42.987500	81.250000 
1340  41.707500	76.950000 
1390  43.292500	88.850000 
1440  42.342500	90.450000 
1490  43.297500	71.450000 
1540  44.940000	80.950000 
1590  50.885000	87.150000 
1640  45.941250	85.250000 
1690  47.982500	96.650000 
1740  46.042500	84.250000 
1790  48.392500	81.250000 
1840  47.927500	87.250000 
1890  46.903750	78.950000 
1940  51.535000	85.450000 
1990  49.481250	100.350000 
2040  46.477500	79.550000 
