Result Log 
Config file path: ./configurations/config7.cfg 
Using Timer Initialized Seed: True 
Random seed value: 1480898348 
Height: 10 
Width: 15 
Pill Density: 0.500000 
Wall Density: 0.250000 
Fruit Probability: 0.050000 
Fruit Value: 10 
Pac Mu: 40 
Pac Lambda: 10 
Pac Initialization scheme: Ramped Half-Half 
Pac Parent selection scheme: 0 
Pac Survivor selection scheme: 1 
Pac Survivor k-tournament: 2 
Ghost Mu: 40 
Ghost Lambda: 10 
Ghost Initialization scheme: Ramped Half-Half 
Ghost Parent selection scheme: 0 
Ghost Survivor selection scheme: 1 
Ghost Survivor k-tournament: 2 
Terminate on no average Fitness change: True 
Terminate on no best Fitness change: True 
Number of generations to terminate on no best/avg change: 50 
Number of runs: 30 
Number of evals: 2000 

Run 1
40	11.752500	74.750000 
90  15.835000	75.750000 
140  23.346250	81.350000 
190  21.006250	69.650000 
240  21.355000	69.350000 
290  24.850000	79.950000 
340  36.317500	84.650000 
390  26.361250	75.650000 
440  27.387500	66.450000 
490  32.207500	102.450000 
540  30.980000	76.650000 
590  33.343750	73.350000 
640  29.382500	70.650000 
690  34.227500	75.150000 
740  27.777500	69.350000 
790  34.428750	80.550000 
840  34.958750	83.150000 
890  34.960000	77.950000 
940  35.865000	71.150000 
990  34.120000	86.550000 
1040  39.390000	82.550000 
1090  32.623750	74.950000 
1140  36.686250	86.550000 
1190  38.890000	75.550000 
1240  36.407500	73.250000 
1290  34.225000	81.250000 
1340  37.845000	80.350000 
1390  38.727500	83.950000 
1440  30.835000	73.150000 
1490  40.237500	78.250000 
1540  40.418750	74.050000 
1590  36.847500	84.450000 
1640  44.410000	87.550000 
1690  40.457500	94.150000 
1740  36.022500	74.250000 
1790  35.002500	79.250000 
1840  40.905000	84.950000 
1890  36.795000	80.450000 
1940  36.602500	93.450000 
1990  36.695000	78.250000 
2040  40.357500	71.650000 
Run 2
40	8.537500	52.250000 
90  12.065000	60.250000 
140  22.848750	93.750000 
190  20.222500	82.550000 
240  26.160000	100.650000 
290  31.292500	92.550000 
340  29.185000	83.650000 
390  30.062500	78.550000 
440  30.652500	83.350000 
490  37.093750	78.950000 
540  35.813750	76.250000 
590  26.596250	74.550000 
640  35.492500	88.150000 
690  34.217500	76.650000 
740  37.175000	84.150000 
790  43.202500	89.950000 
840  31.395000	68.350000 
890  41.422500	77.550000 
940  40.267500	79.550000 
990  34.850000	79.250000 
1040  32.645000	97.550000 
1090  38.716250	81.650000 
1140  42.597500	80.250000 
1190  49.525000	90.550000 
1240  41.760000	85.550000 
1290  40.411250	88.650000 
1340  41.595000	89.250000 
1390  39.982500	88.550000 
1440  40.740000	76.550000 
1490  45.532500	82.500000 
1540  36.981250	84.550000 
1590  37.240000	75.550000 
1640  38.226250	97.850000 
1690  40.120000	73.550000 
1740  34.252500	75.250000 
1790  39.522500	74.100000 
1840  37.006250	76.550000 
1890  43.052500	80.250000 
1940  41.833750	79.950000 
1990  38.607500	85.650000 
2040  46.258750	86.250000 
Run 3
40	12.205000	63.750000 
90  16.805000	88.550000 
140  18.305000	63.250000 
190  25.530000	91.450000 
240  30.550000	80.550000 
290  32.380000	74.150000 
340  25.863750	71.550000 
390  31.052500	75.450000 
440  35.800000	76.850000 
490  35.347500	74.150000 
540  31.325000	71.250000 
590  33.578750	83.650000 
640  34.500000	70.350000 
690  35.555000	74.150000 
740  35.907500	82.850000 
790  34.068750	78.850000 
840  31.770000	83.050000 
890  28.757500	90.150000 
940  33.162500	70.550000 
990  29.115000	64.150000 
1040  27.012500	86.550000 
1090  36.265000	73.050000 
1140  34.012500	71.950000 
1190  36.882500	72.050000 
1240  31.457500	69.250000 
1290  26.940000	83.550000 
1340  33.542500	78.550000 
1390  31.080000	69.850000 
1440  36.875000	75.750000 
1490  43.685000	92.550000 
1540  36.643750	86.650000 
1590  32.045000	75.550000 
1640  34.052500	75.150000 
1690  38.080000	77.050000 
1740  30.932500	77.150000 
1790  32.402500	108.250000 
1840  31.985000	78.550000 
1890  37.842500	80.850000 
1940  34.342500	71.450000 
1990  35.633750	71.850000 
2040  38.617500	74.850000 
Run 4
40	6.202500	72.750000 
90  9.742500	57.350000 
140  16.522500	80.350000 
190  18.991250	76.450000 
240  21.536250	71.050000 
290  27.920000	72.250000 
340  24.797500	86.450000 
390  35.832500	85.350000 
440  30.108750	78.050000 
490  31.287500	70.050000 
540  31.011250	78.750000 
590  36.312500	72.050000 
640  38.287500	76.650000 
690  34.690000	80.750000 
740  35.427500	70.750000 
790  35.255000	83.050000 
840  41.892500	84.050000 
890  33.395000	77.150000 
940  40.452500	83.550000 
990  46.927500	86.850000 
1040  39.100000	81.050000 
1090  28.020000	74.650000 
1140  31.337500	79.750000 
1190  37.462500	72.250000 
1240  41.802500	105.250000 
1290  27.890000	63.650000 
1340  34.107500	63.850000 
1390  35.207500	72.950000 
1440  38.808750	99.650000 
1490  37.457500	105.250000 
1540  25.230000	80.550000 
1590  31.140000	77.950000 
1640  34.416250	74.350000 
1690  38.396250	77.450000 
1740  36.115000	82.150000 
1790  31.887500	75.150000 
1840  36.907500	76.150000 
1890  34.313750	72.450000 
1940  35.740000	73.950000 
1990  41.090000	77.450000 
2040  44.600000	78.850000 
Run 5
40	13.752500	61.950000 
90  16.490000	65.450000 
140  22.780000	66.750000 
190  26.611250	72.350000 
240  25.855000	75.250000 
290  32.327500	85.250000 
340  29.772500	90.550000 
390  30.133750	80.250000 
440  25.212500	70.650000 
490  24.058750	92.750000 
540  28.067500	81.550000 
590  28.455000	77.250000 
640  32.778750	79.150000 
690  36.400000	72.250000 
740  31.156250	76.150000 
790  33.415000	72.650000 
840  31.712500	63.450000 
890  38.017500	85.250000 
940  35.512500	90.150000 
990  36.276250	85.850000 
1040  24.815000	67.150000 
1090  35.663750	67.450000 
1140  29.950000	74.550000 
1190  36.432500	73.050000 
1240  35.207500	74.550000 
1290  34.187500	92.850000 
1340  32.197500	75.750000 
1390  33.297500	91.650000 
1440  24.898750	76.850000 
1490  39.967500	89.950000 
1540  29.650000	70.850000 
1590  32.127500	68.750000 
1640  31.705000	82.650000 
1690  36.950000	77.850000 
1740  28.825000	70.850000 
1790  40.310000	101.050000 
1840  28.767500	84.250000 
1890  34.595000	65.950000 
1940  31.960000	93.050000 
1990  34.565000	88.250000 
2040  30.645000	71.850000 
Run 6
40	18.360000	87.950000 
90  15.622500	75.950000 
140  19.360000	71.350000 
190  21.997500	93.950000 
240  26.186250	84.350000 
290  23.237500	63.350000 
340  36.557500	83.550000 
390  29.757500	74.550000 
440  27.922500	75.050000 
490  31.250000	80.750000 
540  29.042500	68.350000 
590  34.793750	98.950000 
640  36.965000	91.550000 
690  30.650000	85.550000 
740  34.043750	72.550000 
790  34.370000	74.950000 
840  26.497500	77.550000 
890  37.193750	80.550000 
940  35.740000	118.950000 
990  44.192500	77.250000 
1040  30.875000	96.750000 
1090  39.415000	105.550000 
1140  41.066250	73.100000 
1190  37.017500	91.650000 
1240  38.708750	83.350000 
1290  38.610000	79.650000 
1340  38.012500	89.750000 
1390  38.580000	90.550000 
1440  40.041250	70.550000 
1490  41.047500	81.850000 
1540  34.942500	78.550000 
1590  42.897500	72.550000 
1640  40.571250	74.550000 
1690  40.155000	87.950000 
1740  36.467500	98.250000 
1790  38.987500	84.100000 
1840  43.292500	92.550000 
1890  22.442500	69.500000 
1940  27.427500	93.250000 
1990  36.702500	74.250000 
2040  42.820000	74.250000 
Run 7
40	12.160000	72.350000 
90  11.605000	68.750000 
140  22.943750	102.350000 
190  26.007500	82.750000 
240  28.035000	79.450000 
290  38.320000	82.350000 
340  39.630000	81.750000 
390  32.660000	97.650000 
440  34.677500	83.750000 
490  42.620000	84.750000 
540  43.087500	71.150000 
590  38.543750	76.950000 
640  34.492500	69.150000 
690  38.048750	85.500000 
740  38.915000	76.450000 
790  42.117500	78.650000 
840  42.088750	80.850000 
890  40.517500	74.950000 
940  42.410000	82.650000 
990  39.015000	79.850000 
1040  39.775000	89.950000 
1090  40.285000	82.050000 
1140  34.255000	76.850000 
1190  30.915000	72.850000 
1240  46.180000	90.250000 
1290  41.946250	69.550000 
1340  36.040000	85.450000 
1390  32.360000	79.450000 
1440  41.470000	77.850000 
1490  35.202500	77.850000 
1540  34.827500	76.350000 
1590  35.818750	90.950000 
1640  41.041250	85.150000 
1690  37.985000	72.350000 
1740  39.445000	86.150000 
1790  38.025000	84.550000 
1840  36.007500	84.350000 
1890  30.352500	86.850000 
1940  36.086250	88.700000 
1990  31.240000	74.850000 
2040  42.062500	78.350000 
Run 8
40	19.530000	78.350000 
90  14.977500	59.650000 
140  23.633750	100.950000 
190  31.186250	69.450000 
240  33.007500	76.250000 
290  35.830000	97.250000 
340  26.710000	86.250000 
390  37.078750	79.250000 
440  32.550000	71.650000 
490  33.090000	79.050000 
540  33.107500	79.650000 
590  34.020000	65.250000 
640  39.015000	83.750000 
690  33.407500	80.500000 
740  36.641250	73.650000 
790  36.825000	77.750000 
840  32.920000	85.350000 
890  26.742500	78.650000 
940  31.052500	73.150000 
990  25.882500	71.550000 
1040  36.855000	74.650000 
1090  31.095000	78.650000 
1140  36.322500	83.950000 
1190  35.871250	71.250000 
1240  37.055000	79.550000 
1290  34.105000	77.250000 
1340  35.277500	75.250000 
1390  31.072500	72.650000 
1440  25.447500	70.250000 
1490  38.957500	91.650000 
1540  29.692500	87.650000 
1590  35.172500	75.650000 
1640  35.468750	75.550000 
1690  42.252500	79.550000 
1740  41.425000	82.350000 
1790  38.740000	81.450000 
1840  37.927500	71.750000 
1890  37.332500	73.650000 
1940  35.665000	87.450000 
1990  35.172500	75.650000 
2040  41.332500	84.950000 
Run 9
40	8.600000	62.750000 
90  11.042500	70.750000 
140  25.026250	77.750000 
190  28.692500	86.950000 
240  29.190000	82.150000 
290  28.390000	95.750000 
340  32.812500	80.150000 
390  25.707500	81.150000 
440  35.965000	85.350000 
490  32.473750	72.450000 
540  34.646250	74.650000 
590  33.866250	88.750000 
640  35.520000	73.650000 
690  32.841250	73.900000 
740  39.971250	71.750000 
790  32.410000	87.750000 
840  36.000000	80.150000 
890  38.421250	76.050000 
940  40.475000	72.850000 
990  35.742500	67.750000 
1040  32.662500	77.550000 
1090  35.313750	92.050000 
1140  31.227500	82.950000 
1190  38.377500	93.850000 
1240  32.477500	76.350000 
1290  30.547500	66.850000 
1340  33.602500	76.750000 
1390  30.020000	66.650000 
1440  31.992500	82.750000 
1490  28.812500	83.650000 
1540  36.220000	87.350000 
1590  34.605000	85.150000 
1640  30.785000	84.350000 
1690  34.392500	80.350000 
1740  30.580000	91.250000 
1790  37.953750	79.150000 
1840  40.861250	80.250000 
1890  29.967500	87.150000 
1940  30.701250	77.550000 
1990  33.437500	71.250000 
2040  26.080000	81.150000 
Run 10
40	15.202500	69.550000 
90  11.040000	49.950000 
140  18.760000	92.650000 
190  30.120000	77.350000 
240  29.217500	83.950000 
290  30.737500	66.350000 
340  30.606250	68.950000 
390  29.802500	69.150000 
440  38.013750	77.650000 
490  40.291250	78.050000 
540  22.420000	69.250000 
590  30.031250	71.050000 
640  40.807500	74.950000 
690  36.136250	78.950000 
740  32.615000	73.350000 
790  29.443750	61.550000 
840  37.085000	73.250000 
890  33.512500	84.650000 
940  28.217500	67.350000 
990  30.042500	85.050000 
1040  38.965000	96.450000 
1090  33.462500	79.050000 
1140  33.206250	69.450000 
1190  38.900000	80.750000 
1240  36.700000	85.950000 
1290  28.673750	65.750000 
1340  30.530000	77.550000 
1390  35.920000	89.250000 
1440  33.573750	67.950000 
1490  33.488750	100.550000 
1540  35.877500	74.550000 
1590  35.952500	77.550000 
1640  39.578750	73.350000 
1690  42.255000	75.650000 
1740  32.660000	81.950000 
1790  32.702500	92.550000 
1840  32.105000	75.950000 
1890  44.260000	73.850000 
1940  33.910000	106.050000 
1990  42.007500	83.750000 
2040  35.395000	78.650000 
Run 11
40	5.582500	64.350000 
90  16.552500	68.750000 
140  18.232500	78.950000 
190  21.771250	73.750000 
240  25.555000	85.350000 
290  21.737500	80.450000 
340  25.417500	77.950000 
390  31.438750	76.250000 
440  27.460000	74.350000 
490  31.390000	78.050000 
540  35.265000	81.750000 
590  31.350000	77.050000 
640  34.322500	79.950000 
690  27.465000	75.650000 
740  34.052500	72.350000 
790  36.350000	75.350000 
840  36.812500	75.350000 
890  36.983750	71.650000 
940  28.946250	90.250000 
990  33.352500	81.750000 
1040  31.783750	100.750000 
1090  37.640000	77.650000 
1140  33.485000	70.650000 
1190  38.330000	79.250000 
1240  36.995000	79.250000 
1290  36.790000	84.750000 
1340  31.567500	72.750000 
1390  32.221250	93.350000 
1440  37.925000	78.950000 
1490  38.270000	75.550000 
1540  32.552500	72.950000 
1590  37.397500	73.350000 
1640  33.011250	64.150000 
1690  30.622500	76.150000 
1740  38.850000	84.350000 
1790  39.822500	86.350000 
1840  35.875000	76.650000 
1890  43.025000	80.950000 
1940  36.142500	70.250000 
1990  30.467500	90.950000 
2040  34.503750	83.350000 
Run 12
40	10.100000	82.950000 
90  15.805000	72.550000 
140  20.840000	97.650000 
190  25.467500	82.550000 
240  25.473750	78.250000 
290  25.970000	76.750000 
340  28.075000	66.050000 
390  32.606250	70.650000 
440  29.937500	67.050000 
490  31.086250	72.950000 
540  25.080000	67.750000 
590  31.427500	83.550000 
640  24.007500	69.250000 
690  29.928750	91.100000 
740  32.017500	91.250000 
790  30.675000	80.050000 
840  32.861250	70.050000 
890  37.905000	74.750000 
940  33.591250	73.950000 
990  21.925000	58.050000 
1040  33.715000	87.350000 
1090  40.062500	86.950000 
1140  38.212500	74.750000 
1190  32.928750	69.950000 
1240  32.538750	84.250000 
1290  42.761250	79.950000 
1340  35.521250	80.250000 
1390  36.420000	74.550000 
1440  38.800000	78.650000 
1490  41.837500	89.950000 
1540  37.855000	86.250000 
1590  40.567500	76.650000 
1640  41.962500	67.550000 
1690  30.818750	81.550000 
1740  34.785000	64.650000 
1790  41.391250	99.550000 
1840  36.726250	75.950000 
1890  38.580000	80.650000 
1940  40.437500	99.250000 
1990  40.337500	80.950000 
2040  35.748750	72.350000 
Run 13
40	20.167500	63.450000 
90  16.347500	76.750000 
140  22.420000	68.950000 
190  30.407500	79.750000 
240  27.471250	72.950000 
290  25.595000	70.750000 
340  36.455000	73.450000 
390  31.500000	73.750000 
440  37.253750	69.450000 
490  36.463750	73.350000 
540  37.027500	71.750000 
590  38.007500	79.350000 
640  31.886250	73.050000 
690  28.475000	76.450000 
740  30.630000	90.050000 
790  32.602500	80.850000 
840  37.982500	71.350000 
890  36.262500	76.350000 
940  35.751250	77.350000 
990  32.395000	75.050000 
1040  38.760000	83.350000 
1090  38.715000	70.750000 
1140  32.637500	78.350000 
1190  38.746250	77.750000 
1240  37.342500	70.350000 
1290  39.417500	83.250000 
1340  38.797500	70.750000 
1390  35.160000	73.050000 
1440  41.386250	75.350000 
1490  35.017500	82.350000 
1540  40.412500	92.550000 
1590  36.187500	85.950000 
1640  45.517500	96.300000 
1690  39.218750	79.350000 
1740  37.530000	90.950000 
1790  40.681250	74.350000 
1840  30.757500	74.250000 
1890  39.623750	72.450000 
1940  37.790000	76.350000 
1990  37.640000	77.650000 
2040  38.215000	90.450000 
Run 14
40	15.767500	64.750000 
90  18.132500	65.750000 
140  24.292500	66.350000 
190  24.945000	73.750000 
240  27.818750	82.750000 
290  22.330000	73.650000 
340  28.016250	74.350000 
390  34.788750	76.450000 
440  34.732500	84.250000 
490  25.232500	75.750000 
540  36.441250	71.750000 
590  34.907500	73.150000 
640  36.850000	77.650000 
690  31.615000	77.550000 
740  35.075000	75.050000 
790  35.390000	81.150000 
840  33.055000	64.150000 
890  39.035000	81.150000 
940  39.127500	78.050000 
990  37.001250	84.750000 
1040  36.155000	81.350000 
1090  27.520000	67.050000 
1140  39.507500	78.050000 
1190  33.900000	60.050000 
1240  33.305000	97.350000 
1290  36.135000	87.750000 
1340  38.540000	86.950000 
1390  29.641250	70.150000 
1440  34.992500	74.750000 
1490  34.591250	77.750000 
1540  40.622500	69.350000 
1590  32.401250	78.250000 
1640  37.140000	96.950000 
1690  38.272500	77.050000 
1740  39.485000	84.250000 
1790  35.897500	89.650000 
1840  48.627500	88.950000 
1890  33.727500	78.650000 
1940  40.398750	86.350000 
1990  32.450000	80.350000 
2040  34.547500	82.050000 
Run 15
40	11.270000	74.350000 
90  12.025000	79.950000 
140  13.048750	84.950000 
190  22.530000	72.150000 
240  32.227500	87.750000 
290  24.906250	63.750000 
340  29.500000	77.950000 
390  32.635000	100.350000 
440  28.422500	83.150000 
490  33.030000	92.250000 
540  36.155000	94.350000 
590  36.037500	85.250000 
640  37.650000	87.050000 
690  37.432500	83.950000 
740  32.363750	66.050000 
790  30.765000	80.150000 
840  31.902500	66.950000 
890  35.297500	81.950000 
940  41.150000	73.350000 
990  34.730000	77.550000 
1040  38.935000	99.550000 
1090  39.172500	75.350000 
1140  39.366250	83.350000 
1190  40.475000	82.950000 
1240  37.765000	82.350000 
1290  34.470000	88.150000 
1340  34.262500	75.850000 
1390  37.060000	97.850000 
1440  33.045000	82.550000 
1490  32.720000	80.550000 
1540  31.850000	96.350000 
1590  39.510000	91.350000 
1640  41.280000	81.550000 
1690  40.905000	86.750000 
1740  34.975000	78.350000 
1790  34.937500	77.150000 
1840  34.837500	69.450000 
1890  35.650000	83.250000 
1940  42.592500	83.850000 
1990  41.540000	82.650000 
2040  40.995000	76.050000 
Run 16
40	17.052500	80.350000 
90  21.085000	93.450000 
140  25.368750	68.950000 
190  35.776250	81.950000 
240  31.820000	84.450000 
290  36.827500	90.550000 
340  32.950000	71.350000 
390  35.065000	76.750000 
440  36.911250	76.650000 
490  38.305000	77.050000 
540  31.317500	100.550000 
590  31.275000	89.050000 
640  33.615000	74.550000 
690  39.092500	76.650000 
740  33.587500	83.650000 
790  33.787500	84.750000 
840  26.783750	73.950000 
890  36.465000	83.750000 
940  35.007500	86.350000 
990  37.815000	78.350000 
1040  38.105000	65.450000 
1090  37.925000	73.050000 
1140  43.385000	89.150000 
1190  40.152500	78.850000 
1240  42.123750	95.350000 
1290  41.685000	72.350000 
1340  36.496250	91.050000 
1390  35.793750	70.450000 
1440  34.565000	86.950000 
1490  32.213750	66.350000 
1540  45.780000	90.350000 
1590  40.845000	80.350000 
1640  40.475000	78.950000 
1690  42.887500	93.350000 
1740  39.487500	82.550000 
1790  35.631250	63.450000 
1840  34.402500	78.650000 
1890  30.492500	88.050000 
1940  34.533750	79.750000 
1990  39.022500	97.550000 
2040  40.035000	85.150000 
Run 17
40	14.007500	71.950000 
90  14.952500	79.350000 
140  23.055000	74.550000 
190  24.526250	79.350000 
240  30.023750	85.050000 
290  39.586250	74.750000 
340  32.685000	76.750000 
390  36.667500	93.350000 
440  31.803750	75.950000 
490  36.762500	77.150000 
540  35.762500	86.150000 
590  36.705000	80.150000 
640  32.520000	74.250000 
690  34.255000	79.950000 
740  37.107500	77.250000 
790  41.040000	83.050000 
840  39.965000	77.550000 
890  35.262500	74.550000 
940  41.182500	80.250000 
990  43.591250	89.500000 
1040  36.950000	76.250000 
1090  37.942500	88.250000 
1140  39.025000	105.950000 
1190  40.122500	89.250000 
1240  42.891250	97.550000 
1290  44.377500	77.550000 
1340  42.180000	90.250000 
1390  40.515000	96.250000 
1440  39.003750	95.250000 
1490  38.491250	78.250000 
1540  37.240000	78.350000 
1590  40.830000	85.650000 
1640  38.060000	89.950000 
1690  42.177500	96.450000 
1740  43.637500	92.950000 
1790  44.488750	86.250000 
1840  38.835000	77.650000 
1890  45.880000	90.650000 
1940  40.372500	85.450000 
1990  42.955000	110.550000 
2040  42.733750	93.050000 
Run 18
40	16.860000	81.750000 
90  16.670000	76.550000 
140  20.446250	83.450000 
190  22.691250	73.350000 
240  19.276250	69.750000 
290  26.856250	69.550000 
340  26.555000	83.350000 
390  34.238750	92.550000 
440  30.130000	70.550000 
490  30.471250	77.450000 
540  25.582500	76.250000 
590  29.117500	75.250000 
640  33.565000	87.050000 
690  41.147500	84.550000 
740  32.937500	101.450000 
790  39.155000	91.250000 
840  36.390000	81.650000 
890  35.027500	80.250000 
940  34.022500	99.250000 
990  26.085000	71.350000 
1040  40.332500	85.550000 
1090  36.700000	71.250000 
1140  31.957500	87.950000 
1190  31.850000	93.050000 
1240  38.478750	91.250000 
1290  34.273750	90.650000 
1340  40.952500	89.550000 
1390  35.882500	80.750000 
1440  32.827500	86.250000 
1490  33.441250	75.350000 
1540  40.935000	79.250000 
1590  35.260000	73.650000 
1640  40.425000	75.950000 
1690  38.787500	80.950000 
1740  40.215000	96.650000 
1790  35.350000	75.350000 
1840  42.972500	87.750000 
1890  44.925000	89.550000 
1940  35.677500	75.250000 
1990  39.590000	98.650000 
2040  36.950000	90.150000 
Run 19
40	10.427500	56.550000 
90  16.792500	70.450000 
140  21.747500	96.750000 
190  24.718750	73.750000 
240  27.302500	87.450000 
290  23.802500	74.650000 
340  30.332500	72.750000 
390  27.483750	86.450000 
440  30.410000	91.950000 
490  37.793750	75.950000 
540  34.712500	79.450000 
590  37.157500	67.050000 
640  35.831250	80.650000 
690  37.962500	84.350000 
740  38.908750	83.850000 
790  43.773750	92.650000 
840  36.040000	66.450000 
890  38.017500	87.950000 
940  39.301250	74.250000 
990  42.387500	83.650000 
1040  47.067500	87.550000 
1090  33.540000	81.650000 
1140  39.957500	81.650000 
1190  38.447500	79.550000 
1240  39.626250	71.350000 
1290  36.875000	74.550000 
1340  39.611250	70.050000 
1390  34.675000	76.950000 
1440  23.960000	71.650000 
1490  29.957500	62.350000 
1540  28.321250	79.350000 
1590  35.003750	100.250000 
1640  35.220000	73.750000 
1690  31.633750	71.350000 
1740  39.905000	81.450000 
1790  35.642500	91.650000 
1840  32.770000	67.250000 
1890  33.138750	75.050000 
1940  40.711250	76.550000 
1990  41.230000	93.150000 
2040  36.692500	75.050000 
Run 20
40	13.217500	75.550000 
90  14.165000	82.350000 
140  22.280000	72.450000 
190  26.511250	85.850000 
240  30.947500	91.950000 
290  30.812500	72.750000 
340  36.901250	85.150000 
390  35.301250	94.250000 
440  32.043750	64.950000 
490  38.132500	80.750000 
540  41.347500	80.350000 
590  34.905000	81.450000 
640  36.530000	81.950000 
690  30.580000	69.950000 
740  28.300000	76.350000 
790  35.287500	77.250000 
840  31.525000	83.250000 
890  33.757500	90.750000 
940  38.972500	76.650000 
990  39.632500	85.650000 
1040  30.312500	75.050000 
1090  40.235000	72.150000 
1140  31.407500	79.650000 
1190  37.752500	78.650000 
1240  37.115000	75.650000 
1290  36.937500	74.350000 
1340  32.345000	78.250000 
1390  31.705000	87.050000 
1440  31.827500	67.450000 
1490  36.067500	79.050000 
1540  32.082500	77.650000 
1590  42.437500	78.350000 
1640  32.220000	78.250000 
1690  37.107500	74.050000 
1740  43.836250	93.350000 
1790  43.061250	82.850000 
1840  40.312500	69.150000 
1890  23.812500	70.350000 
1940  37.662500	82.350000 
1990  35.222500	85.250000 
2040  36.892500	76.250000 
Run 21
40	12.395000	67.350000 
90  17.860000	68.650000 
140  20.295000	95.350000 
190  18.612500	65.350000 
240  30.642500	72.950000 
290  30.320000	102.350000 
340  28.497500	75.650000 
390  41.276250	93.850000 
440  35.115000	83.650000 
490  33.347500	74.650000 
540  34.602500	78.950000 
590  39.810000	87.350000 
640  40.222500	81.250000 
690  33.990000	83.650000 
740  38.645000	80.950000 
790  42.237500	77.250000 
840  34.122500	86.950000 
890  40.932500	73.950000 
940  32.523750	94.050000 
990  40.597500	82.750000 
1040  31.928750	91.750000 
1090  34.070000	77.950000 
1140  33.647500	76.250000 
1190  39.645000	84.050000 
1240  36.855000	79.350000 
1290  44.037500	76.050000 
1340  35.080000	80.050000 
1390  44.400000	82.250000 
1440  42.307500	79.500000 
1490  39.592500	86.150000 
1540  40.683750	80.650000 
1590  29.332500	74.450000 
1640  30.902500	72.650000 
1690  37.640000	78.950000 
1740  35.132500	86.150000 
1790  39.177500	89.750000 
1840  34.267500	75.950000 
1890  49.900000	83.250000 
1940  36.037500	68.950000 
1990  43.178750	88.350000 
2040  42.410000	86.850000 
Run 22
40	8.207500	64.350000 
90  12.375000	76.250000 
140  19.485000	64.950000 
190  16.028750	87.250000 
240  16.912500	81.050000 
290  27.607500	76.950000 
340  28.617500	76.750000 
390  30.658750	73.950000 
440  26.155000	104.350000 
490  34.970000	62.550000 
540  28.855000	78.550000 
590  35.133750	82.950000 
640  40.432500	90.950000 
690  40.140000	82.050000 
740  39.802500	91.350000 
790  43.117500	87.650000 
840  44.452500	72.450000 
890  43.327500	79.350000 
940  39.605000	81.550000 
990  40.140000	74.950000 
1040  38.172500	69.950000 
1090  40.822500	71.750000 
1140  45.495000	83.750000 
1190  34.542500	69.650000 
1240  41.700000	86.950000 
1290  42.592500	88.650000 
1340  39.702500	72.650000 
1390  43.442500	91.450000 
1440  46.877500	86.750000 
1490  32.720000	84.250000 
1540  42.205000	87.250000 
1590  32.577500	76.350000 
1640  36.898750	79.050000 
1690  37.277500	83.950000 
1740  40.140000	77.450000 
1790  40.995000	78.350000 
1840  41.007500	91.250000 
1890  40.782500	86.250000 
1940  42.081250	74.850000 
1990  42.162500	92.550000 
2040  34.192500	68.250000 
Run 23
40	11.512500	70.950000 
90  20.102500	86.950000 
140  18.602500	71.950000 
190  21.075000	61.650000 
240  35.546250	92.350000 
290  33.015000	71.850000 
340  34.731250	74.750000 
390  35.037500	87.650000 
440  31.620000	77.450000 
490  35.615000	79.150000 
540  38.495000	78.050000 
590  35.882500	77.250000 
640  38.037500	64.950000 
690  39.816250	78.350000 
740  39.587500	89.450000 
790  39.897500	83.950000 
840  31.262500	81.550000 
890  38.190000	78.450000 
940  29.260000	80.950000 
990  41.482500	86.650000 
1040  31.755000	71.250000 
1090  31.536250	84.650000 
1140  35.628750	75.150000 
1190  39.021250	75.350000 
1240  34.797500	78.750000 
1290  38.268750	86.450000 
1340  34.855000	86.550000 
1390  29.417500	82.450000 
1440  30.780000	74.450000 
1490  38.800000	79.450000 
1540  41.742500	91.950000 
1590  29.730000	81.250000 
1640  34.510000	74.650000 
1690  41.060000	87.650000 
1740  37.612500	73.950000 
1790  35.775000	82.950000 
1840  36.577500	91.450000 
1890  40.365000	83.350000 
1940  32.677500	70.250000 
1990  35.318750	71.150000 
2040  38.000000	79.650000 
Run 24
40	15.502500	77.750000 
90  21.510000	67.950000 
140  30.117500	74.950000 
190  34.741250	78.150000 
240  30.653750	86.650000 
290  27.213750	78.950000 
340  36.292500	74.750000 
390  35.277500	80.950000 
440  31.856250	76.650000 
490  35.352500	77.550000 
540  35.282500	73.750000 
590  37.010000	78.350000 
640  35.698750	97.350000 
690  41.558750	85.050000 
740  38.597500	84.450000 
790  33.292500	80.050000 
840  38.962500	72.750000 
890  39.483750	73.750000 
940  37.677500	79.050000 
990  42.875000	88.450000 
1040  38.011250	80.050000 
1090  39.288750	82.350000 
1140  39.250000	70.550000 
1190  44.531250	85.750000 
1240  42.777500	95.250000 
1290  38.381250	76.850000 
1340  37.600000	72.150000 
1390  30.595000	67.250000 
1440  35.210000	75.950000 
1490  34.055000	74.550000 
1540  37.617500	79.950000 
1590  42.825000	99.050000 
1640  40.407500	96.050000 
1690  36.192500	73.850000 
1740  42.505000	76.050000 
1790  39.212500	89.150000 
1840  33.867500	77.550000 
1890  38.000000	73.750000 
1940  38.291250	75.850000 
1990  41.927500	98.150000 
2040  33.365000	65.750000 
Run 25
40	11.577500	75.950000 
90  24.917500	72.750000 
140  28.186250	72.950000 
190  26.900000	75.250000 
240  28.811250	64.950000 
290  28.747500	92.650000 
340  35.315000	74.350000 
390  34.180000	77.350000 
440  42.956250	89.350000 
490  37.635000	90.350000 
540  23.822500	70.050000 
590  38.820000	80.250000 
640  40.597500	109.350000 
690  33.995000	65.250000 
740  33.797500	85.250000 
790  29.567500	78.150000 
840  38.320000	84.250000 
890  36.360000	81.850000 
940  38.905000	89.450000 
990  47.307500	88.850000 
1040  36.383750	85.150000 
1090  37.492500	109.750000 
1140  32.101250	76.450000 
1190  40.580000	82.850000 
1240  34.705000	83.450000 
1290  35.752500	89.750000 
1340  37.791250	101.550000 
1390  42.200000	83.750000 
1440  37.745000	70.550000 
1490  37.650000	74.650000 
1540  38.856250	81.550000 
1590  35.207500	72.750000 
1640  35.330000	69.050000 
1690  38.845000	81.150000 
1740  34.570000	86.550000 
1790  38.780000	82.550000 
1840  30.976250	73.250000 
1890  40.635000	95.750000 
1940  37.497500	75.550000 
1990  37.291250	75.450000 
2040  37.307500	70.750000 
Run 26
40	10.595000	69.250000 
90  11.267500	59.250000 
140  16.163750	74.250000 
190  22.598750	108.250000 
240  25.561250	91.350000 
290  23.385000	93.350000 
340  26.457500	76.950000 
390  25.665000	80.250000 
440  30.221250	74.950000 
490  20.380000	70.050000 
540  26.367500	79.950000 
590  31.416250	76.350000 
640  31.515000	90.650000 
690  31.617500	81.950000 
740  35.718750	73.350000 
790  35.307500	89.250000 
840  37.620000	89.050000 
890  41.715000	86.950000 
940  32.906250	80.950000 
990  37.327500	74.250000 
1040  30.058750	86.250000 
1090  36.685000	77.750000 
1140  36.403750	74.950000 
1190  37.612500	75.950000 
1240  40.340000	107.050000 
1290  36.157500	94.950000 
1340  32.167500	76.950000 
1390  30.350000	80.250000 
1440  31.425000	64.850000 
1490  30.147500	82.350000 
1540  34.125000	93.050000 
1590  38.033750	76.250000 
1640  35.173750	80.150000 
1690  36.165000	81.950000 
1740  39.802500	72.750000 
1790  40.627500	84.250000 
1840  32.317500	87.750000 
1890  43.335000	86.350000 
1940  37.982500	93.900000 
1990  36.307500	111.250000 
2040  36.182500	81.950000 
Run 27
40	15.517500	111.750000 
90  19.007500	83.650000 
140  22.462500	80.750000 
190  26.715000	77.650000 
240  30.925000	91.750000 
290  24.542500	75.850000 
340  24.790000	71.750000 
390  24.466250	79.750000 
440  32.700000	79.050000 
490  29.937500	71.350000 
540  37.267500	82.450000 
590  35.798750	78.550000 
640  35.207500	85.750000 
690  35.407500	96.650000 
740  32.277500	84.950000 
790  27.367500	69.450000 
840  30.897500	70.650000 
890  37.177500	89.350000 
940  30.525000	94.050000 
990  37.485000	72.650000 
1040  36.482500	80.500000 
1090  30.352500	80.650000 
1140  35.510000	86.050000 
1190  28.535000	70.950000 
1240  36.538750	74.950000 
1290  33.188750	81.350000 
1340  33.356250	76.050000 
1390  30.738750	70.550000 
1440  31.900000	82.850000 
1490  33.847500	83.650000 
1540  31.675000	90.650000 
1590  38.472500	77.650000 
1640  34.368750	73.850000 
1690  34.690000	79.550000 
1740  40.240000	86.550000 
1790  41.790000	81.950000 
1840  39.840000	80.650000 
1890  37.465000	86.650000 
1940  38.070000	84.550000 
1990  42.243750	85.250000 
2040  34.682500	70.250000 
Run 28
40	11.177500	67.750000 
90  14.367500	77.750000 
140  23.306250	79.450000 
190  24.945000	101.550000 
240  27.057500	64.250000 
290  31.178750	73.650000 
340  25.390000	76.050000 
390  34.257500	99.350000 
440  32.760000	73.450000 
490  25.041250	77.450000 
540  40.585000	85.450000 
590  33.825000	69.650000 
640  36.461250	67.450000 
690  32.352500	85.050000 
740  31.467500	80.650000 
790  40.670000	73.050000 
840  29.277500	76.750000 
890  35.315000	83.750000 
940  34.143750	79.550000 
990  35.377500	61.050000 
1040  29.743750	70.450000 
1090  43.337500	107.450000 
1140  43.990000	74.250000 
1190  42.180000	80.450000 
1240  41.432500	92.650000 
1290  44.520000	73.450000 
1340  40.622500	86.750000 
1390  41.040000	83.650000 
1440  39.923750	78.450000 
1490  45.335000	83.550000 
1540  40.620000	80.550000 
1590  46.200000	94.450000 
1640  40.232500	73.550000 
1690  42.927500	96.050000 
1740  40.177500	86.550000 
1790  36.515000	82.350000 
1840  38.925000	79.550000 
1890  41.683750	72.550000 
1940  34.080000	77.850000 
1990  38.835000	84.950000 
2040  39.575000	72.650000 
Run 29
40	22.300000	74.950000 
90  22.062500	69.250000 
140  24.220000	79.550000 
190  28.002500	69.250000 
240  24.260000	70.750000 
290  29.465000	69.650000 
340  36.927500	84.750000 
390  35.847500	77.250000 
440  32.150000	81.750000 
490  34.405000	81.250000 
540  36.808750	77.550000 
590  39.952500	77.350000 
640  36.580000	72.350000 
690  35.315000	77.750000 
740  31.905000	87.150000 
790  40.182500	94.050000 
840  36.552500	84.350000 
890  36.560000	74.850000 
940  35.387500	81.650000 
990  38.465000	77.950000 
1040  33.158750	80.950000 
1090  36.597500	82.550000 
1140  34.570000	83.950000 
1190  30.765000	77.850000 
1240  30.998750	67.850000 
1290  36.187500	71.950000 
1340  32.707500	72.550000 
1390  35.672500	94.050000 
1440  41.565000	81.550000 
1490  40.570000	80.050000 
1540  40.715000	84.650000 
1590  37.620000	68.650000 
1640  41.593750	81.650000 
1690  33.925000	75.350000 
1740  37.032500	93.350000 
1790  34.810000	85.250000 
1840  26.408750	76.150000 
1890  41.260000	77.650000 
1940  38.095000	67.250000 
1990  47.217500	94.650000 
2040  35.213750	72.750000 
Run 30
40	14.195000	57.750000 
90  21.397500	72.750000 
140  23.092500	85.950000 
190  24.827500	64.950000 
240  28.680000	86.750000 
290  24.437500	76.950000 
340  30.843750	81.350000 
390  34.977500	76.050000 
440  31.422500	81.650000 
490  40.137500	83.350000 
540  35.550000	71.250000 
590  38.845000	81.650000 
640  38.435000	77.250000 
690  35.567500	83.450000 
740  34.100000	72.250000 
790  36.335000	73.050000 
840  34.583750	68.250000 
890  41.360000	91.950000 
940  39.345000	75.950000 
990  37.217500	81.350000 
1040  33.008750	82.650000 
1090  28.500000	87.150000 
1140  40.377500	88.350000 
1190  31.737500	82.750000 
1240  38.680000	86.250000 
1290  37.945000	79.550000 
1340  32.151250	67.150000 
1390  33.932500	67.850000 
1440  42.710000	85.950000 
1490  32.448750	77.750000 
1540  35.670000	80.650000 
1590  36.307500	71.950000 
1640  34.748750	98.750000 
1690  37.312500	90.950000 
1740  30.453750	83.650000 
1790  33.760000	68.250000 
1840  40.107500	69.950000 
1890  39.225000	76.650000 
1940  34.512500	66.550000 
1990  33.531250	84.950000 
2040  29.556250	68.650000 
